<?xml version="1.0" encoding="UTF-8"?>
<testng-results ignored="0" total="0" passed="0" failed="0" skipped="0">
  <reporter-output>
  </reporter-output>
  <suite started-at="2023-05-02T12:29:19 IST" name="Suite" finished-at="2023-05-02T12:29:19 IST" duration-ms="29">
    <groups>
    </groups>
    <test started-at="2023-05-02T12:29:19 IST" name="firefoxTest" finished-at="2023-05-02T12:29:19 IST" duration-ms="29">
      <class name="day9.task3">
        <test-method is-config="true" signature="browserSelection(java.lang.String)[pri:0, instance:day9.task3@7db12bb6]" started-at="2023-05-02T12:29:19 IST" name="browserSelection" finished-at="2023-05-02T12:29:19 IST" duration-ms="14" status="PASS">
          <params>
            <param index="0">
              <value>
                <![CDATA[firefox]]>
              </value>
            </param>
          </params>
          <reporter-output>
          </reporter-output>
        </test-method> <!-- browserSelection -->
      </class> <!-- day9.task3 -->
    </test> <!-- firefoxTest -->
  </suite> <!-- Suite -->
</testng-results>
